<?xml version="1.0" encoding="UTF-8"?>
<!-- Generated by org.testng.reporters.JUnitReportReporter -->
<testsuite hostname="evyatar" failures="0" tests="1" name="testcases.HomePageTest" time="4.925" errors="0" timestamp="2022-01-21T15:15:55 IST" skipped="0">
  <testcase classname="testcases.HomePageTest" name="verifyLogoPresent" time="4.925"/>
  <system-out/>
</testsuite> <!-- testcases.HomePageTest -->
