<?xml version="1.0" encoding="UTF-8"?>
<!-- Generated by org.testng.reporters.JUnitReportReporter -->
<testsuite hostname="evyatar" failures="0" tests="3" name="testcases.SearchResultTest" time="35.016" errors="0" timestamp="2022-01-23T20:13:31 IST" skipped="0">
  <testcase classname="testcases.SearchResultTest" name="verifySearchResultHeaderPage" time="16.914"/>
  <system-out/>
  <testcase classname="testcases.SearchResultTest" name="pickGiftCardFromTopCategories" time="7.921"/>
  <system-out/>
  <testcase classname="testcases.SearchResultTest" name="pickGiftFromMainCategories" time="10.181"/>
  <system-out/>
</testsuite> <!-- testcases.SearchResultTest -->
