<?xml version="1.0" encoding="UTF-8"?>
<!-- Generated by org.testng.reporters.JUnitReportReporter -->
<testsuite hostname="evyatar" failures="0" tests="5" name="testcases.HowToSendPageTest" time="23.670" errors="0" timestamp="2022-01-23T20:13:31 IST" skipped="4">
  <testcase classname="testcases.HowToSendPageTest" name="setWhoToSendPage" time="23.670"/>
  <system-out/>
  <testcase classname="testcases.HowToSendPageTest" name="sendLaterOptionDateAndHour">
    <skipped/>
  </testcase> <!-- sendLaterOptionDateAndHour -->
  <system-out/>
  <testcase classname="testcases.HowToSendPageTest" name="verifyHowToSendPageHeader">
    <skipped/>
  </testcase> <!-- verifyHowToSendPageHeader -->
  <system-out/>
  <testcase classname="testcases.HowToSendPageTest" name="setSenderName">
    <skipped/>
  </testcase> <!-- setSenderName -->
  <system-out/>
  <testcase classname="testcases.HowToSendPageTest" name="selectSendByMail">
    <skipped/>
  </testcase> <!-- selectSendByMail -->
  <system-out/>
</testsuite> <!-- testcases.HowToSendPageTest -->
