<?xml version="1.0" encoding="UTF-8"?>
<!-- Generated by org.testng.reporters.JUnitReportReporter -->
<testsuite hostname="evyatar" failures="0" tests="1" name="testcases.EndToEnd" time="24.213" errors="0" timestamp="2022-01-24T15:14:56 IST" skipped="0">
  <testcase classname="testcases.EndToEnd" name="testProcess" time="24.213"/>
  <system-out/>
</testsuite> <!-- testcases.EndToEnd -->
