<?xml version="1.0" encoding="UTF-8"?>
<!-- Generated by org.testng.reporters.JUnitReportReporter -->
<testsuite hostname="evyatar" failures="0" tests="1" name="testcases.RegistrationPageTest" time="20.224" errors="0" timestamp="2022-01-21T15:15:55 IST" skipped="0">
  <testcase classname="testcases.RegistrationPageTest" name="testRegistration" time="20.224"/>
  <system-out/>
</testsuite> <!-- testcases.RegistrationPageTest -->
