<?xml version="1.0" encoding="UTF-8"?>
<!-- Generated by org.testng.reporters.JUnitReportReporter -->
<testsuite hostname="evyatar" failures="0" tests="8" name="testcases.NavBarPageTest" time="86.729" errors="0" timestamp="2022-01-23T20:13:31 IST" skipped="0">
  <testcase classname="testcases.NavBarPageTest" name="pickGiftFromNavBar" time="5.311"/>
  <system-out/>
  <testcase classname="testcases.NavBarPageTest" name="pickGiftFromInputBox" time="7.664"/>
  <system-out/>
  <testcase classname="testcases.NavBarPageTest" name="pickGiftFromInputBox" time="7.508"/>
  <system-out/>
  <testcase classname="testcases.NavBarPageTest" name="pickGiftFromInputBox" time="15.843"/>
  <system-out/>
  <testcase classname="testcases.NavBarPageTest" name="pickGiftFromInputBox" time="8.493"/>
  <system-out/>
  <testcase classname="testcases.NavBarPageTest" name="searchGiftFromInputBoxSuggest" time="17.581"/>
  <system-out/>
  <testcase classname="testcases.NavBarPageTest" name="pickGiftFromInputBox" time="16.322"/>
  <system-out/>
  <testcase classname="testcases.NavBarPageTest" name="pickGiftFromInputBox" time="8.007"/>
  <system-out/>
</testsuite> <!-- testcases.NavBarPageTest -->
