<?xml version="1.0" encoding="UTF-8"?>
<!-- Generated by org.testng.reporters.JUnitReportReporter -->
<testsuite hostname="evyatar" failures="0" tests="5" name="testcases.WhoToSendPageTest" time="67.455" errors="0" timestamp="2022-01-23T20:13:31 IST" skipped="0">
  <testcase classname="testcases.WhoToSendPageTest" name="verifyWhoToSendPage" time="15.812"/>
  <system-out/>
  <testcase classname="testcases.WhoToSendPageTest" name="VerifySomeoneElseCheckBox" time="10.030"/>
  <system-out/>
  <testcase classname="testcases.WhoToSendPageTest" name="verifyForMySelfCheckBoxImgResponse" time="8.749"/>
  <system-out/>
  <testcase classname="testcases.WhoToSendPageTest" name="verifyGiftPriceChange" time="16.652"/>
  <system-out/>
  <testcase classname="testcases.WhoToSendPageTest" name="setWhoToSendPage" time="16.212"/>
  <system-out/>
</testsuite> <!-- testcases.WhoToSendPageTest -->
