<?xml version="1.0" encoding="UTF-8"?>
<!-- Generated by org.testng.reporters.JUnitReportReporter -->
<testsuite hostname="evyatar" failures="0" tests="3" name="testcases.HomePageTest" time="24.123" errors="0" timestamp="2022-01-23T20:13:31 IST" skipped="0">
  <testcase classname="testcases.HomePageTest" name="verifySiteURL" time="4.768"/>
  <system-out/>
  <testcase classname="testcases.HomePageTest" name="verifyHomePageTitle" time="14.510"/>
  <system-out/>
  <testcase classname="testcases.HomePageTest" name="verifyLogoPresent" time="4.845"/>
  <system-out/>
</testsuite> <!-- testcases.HomePageTest -->
