<?xml version="1.0" encoding="UTF-8"?>
<!-- Generated by org.testng.reporters.JUnitReportReporter -->
<testsuite hostname="evyatar" failures="0" tests="4" name="testcases.GiftCardPageTest" time="7.487" errors="0" timestamp="2022-01-23T20:13:31 IST" skipped="3">
  <testcase classname="testcases.GiftCardPageTest" name="catchingJSErrorOnBlankMoneyBox" time="7.487"/>
  <system-out/>
  <testcase classname="testcases.GiftCardPageTest" name="readMoreAboutProduct">
    <skipped/>
  </testcase> <!-- readMoreAboutProduct -->
  <system-out/>
  <testcase classname="testcases.GiftCardPageTest" name="VerifyMoneyBox">
    <skipped/>
  </testcase> <!-- VerifyMoneyBox -->
  <system-out/>
  <testcase classname="testcases.GiftCardPageTest" name="verifyGiftCardHeaderTest">
    <skipped/>
  </testcase> <!-- verifyGiftCardHeaderTest -->
  <system-out/>
</testsuite> <!-- testcases.GiftCardPageTest -->
