<?xml version="1.0" encoding="UTF-8"?>
<!-- Generated by org.testng.reporters.JUnitReportReporter -->
<testsuite hostname="evyatar" failures="0" tests="2" name="testcases.EndToEnd" time="39.763" errors="0" timestamp="2022-01-23T20:13:31 IST" skipped="0">
  <testcase classname="testcases.EndToEnd" name="testProcess" time="25.980"/>
  <system-out/>
  <testcase classname="testcases.EndToEnd" name="testProcess" time="13.783"/>
  <system-out/>
</testsuite> <!-- testcases.EndToEnd -->
